<?xml version="1.0" encoding="UTF-8"?>
<!-- Generated by org.testng.reporters.JUnitReportReporter -->
<testsuite hostname="DESKTOP-FLDQVBD" failures="0" tests="1" name="FrontendTestNGRunner" time="3.382" errors="0" timestamp="2021-12-03T20:45:59 MEZ" skipped="0">
  <testcase classname="FrontendTestNGRunner" name="TC_1_createAccount" time="3.382"/>
  <system-out/>
</testsuite> <!-- FrontendTestNGRunner -->
